2020-05-04 13:36:39.120  INFO 8580 --- [restartedMain] com.xjtu.Blog01Application                : Starting Blog01Application on DESKTOP-F8A1EJI with PID 8580 (D:\ideawork\blog01\target\classes started by one in D:\ideawork\blog01)
2020-05-04 13:36:39.136  INFO 8580 --- [restartedMain] com.xjtu.Blog01Application                : The following profiles are active: pro
2020-05-04 13:36:44.558  WARN 8580 --- [restartedMain] JpaBaseConfiguration$JpaWebConfiguration : spring.jpa.open-in-view is enabled by default. Therefore, database queries may be performed during view rendering. Explicitly configure spring.jpa.open-in-view to disable this warning
2020-05-04 13:36:45.527  INFO 8580 --- [restartedMain] com.xjtu.Blog01Application                : Started Blog01Application in 7.045 seconds (JVM running for 8.197)
2020-05-04 13:37:03.328  INFO 8580 --- [http-nio-80-exec-1] com.xjtu.aspect.LogAspect                 : Request : {url='http://localhost/', ip='0:0:0:0:0:0:0:1', classMethod='com.xjtu.web.IndexController.index', args=[Page request [number: 0, size 8, sort: updateTime: DESC], {}]}
2020-05-04 13:37:03.664  WARN 8580 --- [http-nio-80-exec-1] org.hibernate.orm.deprecation            : HHH90000016: Found use of deprecated 'collection property' syntax in HQL/JPQL query [t.blogs.size]; use collection function syntax instead [size(t.blogs)].
2020-05-04 13:37:03.715  WARN 8580 --- [http-nio-80-exec-1] org.hibernate.orm.deprecation            : HHH90000016: Found use of deprecated 'collection property' syntax in HQL/JPQL query [t.blogs.size]; use collection function syntax instead [size(t.blogs)].
2020-05-04 13:37:03.778  INFO 8580 --- [http-nio-80-exec-1] com.xjtu.aspect.LogAspect                 : Result : index
2020-05-04 13:37:04.721  INFO 8580 --- [http-nio-80-exec-4] com.xjtu.aspect.LogAspect                 : Request : {url='http://localhost/footer/newblog', ip='0:0:0:0:0:0:0:1', classMethod='com.xjtu.web.IndexController.newblogs', args=[{}]}
2020-05-04 13:37:04.840  INFO 8580 --- [http-nio-80-exec-4] com.xjtu.aspect.LogAspect                 : Result : _fragments :: newblogList
2020-05-04 13:37:11.628  INFO 8580 --- [http-nio-80-exec-2] com.xjtu.aspect.LogAspect                 : Request : {url='http://localhost/blog/3', ip='0:0:0:0:0:0:0:1', classMethod='com.xjtu.web.IndexController.blog', args=[3, {}]}
2020-05-04 13:37:11.864  INFO 8580 --- [http-nio-80-exec-2] com.xjtu.aspect.LogAspect                 : Result : blog
2020-05-04 13:37:12.457  INFO 8580 --- [http-nio-80-exec-10] com.xjtu.aspect.LogAspect                 : Request : {url='http://localhost/footer/newblog', ip='0:0:0:0:0:0:0:1', classMethod='com.xjtu.web.IndexController.newblogs', args=[{}]}
2020-05-04 13:37:12.547  INFO 8580 --- [http-nio-80-exec-10] com.xjtu.aspect.LogAspect                 : Result : _fragments :: newblogList
2020-05-04 13:37:12.633  INFO 8580 --- [http-nio-80-exec-7] com.xjtu.aspect.LogAspect                 : Request : {url='http://localhost/comments/3', ip='0:0:0:0:0:0:0:1', classMethod='com.xjtu.web.CommentController.comments', args=[3, {}]}
2020-05-04 13:37:12.703  INFO 8580 --- [http-nio-80-exec-7] com.xjtu.aspect.LogAspect                 : Result : blog :: commentList
2020-05-04 13:37:28.152  WARN 8580 --- [http-nio-80-exec-8] o.a.c.util.SessionIdGeneratorBase        : Creation of SecureRandom instance for session ID generation using [SHA1PRNG] took [265] milliseconds.
2020-05-04 13:37:28.154  INFO 8580 --- [http-nio-80-exec-8] com.xjtu.aspect.LogAspect                 : Request : {url='http://localhost/comments', ip='0:0:0:0:0:0:0:1', classMethod='com.xjtu.web.CommentController.post', args=[Comment{id=null, nickname='ceshi', email='980720955@qq.com', content='评论1', avatar='null', createTime=null, blog=Blog{id=3, title='null', content='null', firstPicture='null', flag='null', views=null, appreciation=false, shareStatement=false, commentabled=false, published=false, recommend=false, createTime=null, updateTime=null, type=null, tags=[], user=null, comments=[], tagIds='null', description='null'}, replyComments=[], parentComment=Comment{id=-1, nickname='null', email='null', content='null', avatar='null', createTime=null, blog=null, replyComments=[], parentComment=null, adminComment=false}, adminComment=false}, org.apache.catalina.session.StandardSessionFacade@7542aefb]}
2020-05-04 13:37:28.601  INFO 8580 --- [http-nio-80-exec-8] com.xjtu.aspect.LogAspect                 : Result : redirect:/comments/3
2020-05-04 13:37:28.619  INFO 8580 --- [http-nio-80-exec-1] com.xjtu.aspect.LogAspect                 : Request : {url='http://localhost/comments/3', ip='0:0:0:0:0:0:0:1', classMethod='com.xjtu.web.CommentController.comments', args=[3, {}]}
2020-05-04 13:37:29.066  INFO 8580 --- [http-nio-80-exec-1] com.xjtu.aspect.LogAspect                 : Result : blog :: commentList
2020-05-04 13:37:51.141  INFO 8580 --- [http-nio-80-exec-5] com.xjtu.aspect.LogAspect                 : Request : {url='http://localhost/comments', ip='0:0:0:0:0:0:0:1', classMethod='com.xjtu.web.CommentController.post', args=[Comment{id=null, nickname='ceshi2', email='980720955@qq.com', content='ok！！', avatar='null', createTime=null, blog=Blog{id=3, title='null', content='null', firstPicture='null', flag='null', views=null, appreciation=false, shareStatement=false, commentabled=false, published=false, recommend=false, createTime=null, updateTime=null, type=null, tags=[], user=null, comments=[], tagIds='null', description='null'}, replyComments=[], parentComment=Comment{id=4, nickname='null', email='null', content='null', avatar='null', createTime=null, blog=null, replyComments=[], parentComment=null, adminComment=false}, adminComment=false}, org.apache.catalina.session.StandardSessionFacade@7542aefb]}
2020-05-04 13:37:51.562  INFO 8580 --- [http-nio-80-exec-5] com.xjtu.aspect.LogAspect                 : Result : redirect:/comments/3
2020-05-04 13:37:51.578  INFO 8580 --- [http-nio-80-exec-6] com.xjtu.aspect.LogAspect                 : Request : {url='http://localhost/comments/3', ip='0:0:0:0:0:0:0:1', classMethod='com.xjtu.web.CommentController.comments', args=[3, {}]}
2020-05-04 13:37:51.687  INFO 8580 --- [http-nio-80-exec-6] com.xjtu.aspect.LogAspect                 : Result : blog :: commentList
2020-05-04 13:38:02.333  INFO 8580 --- [http-nio-80-exec-3] com.xjtu.aspect.LogAspect                 : Request : {url='http://localhost/blog/3', ip='0:0:0:0:0:0:0:1', classMethod='com.xjtu.web.IndexController.blog', args=[3, {}]}
2020-05-04 13:38:02.504  INFO 8580 --- [http-nio-80-exec-3] com.xjtu.aspect.LogAspect                 : Result : blog
2020-05-04 13:38:03.146  INFO 8580 --- [http-nio-80-exec-9] com.xjtu.aspect.LogAspect                 : Request : {url='http://localhost/footer/newblog', ip='0:0:0:0:0:0:0:1', classMethod='com.xjtu.web.IndexController.newblogs', args=[{}]}
2020-05-04 13:38:03.263  INFO 8580 --- [http-nio-80-exec-9] com.xjtu.aspect.LogAspect                 : Result : _fragments :: newblogList
2020-05-04 13:38:03.333  INFO 8580 --- [http-nio-80-exec-8] com.xjtu.aspect.LogAspect                 : Request : {url='http://localhost/comments/3', ip='0:0:0:0:0:0:0:1', classMethod='com.xjtu.web.CommentController.comments', args=[3, {}]}
2020-05-04 13:38:03.464  INFO 8580 --- [http-nio-80-exec-8] com.xjtu.aspect.LogAspect                 : Result : blog :: commentList
2020-05-04 13:38:54.223  INFO 8580 --- [http-nio-80-exec-1] com.xjtu.aspect.LogAspect                 : Request : {url='http://localhost/', ip='0:0:0:0:0:0:0:1', classMethod='com.xjtu.web.IndexController.index', args=[Page request [number: 0, size 8, sort: updateTime: DESC], {}]}
2020-05-04 13:38:54.564  INFO 8580 --- [http-nio-80-exec-1] com.xjtu.aspect.LogAspect                 : Result : index
2020-05-04 13:38:55.177  INFO 8580 --- [http-nio-80-exec-6] com.xjtu.aspect.LogAspect                 : Request : {url='http://localhost/footer/newblog', ip='0:0:0:0:0:0:0:1', classMethod='com.xjtu.web.IndexController.newblogs', args=[{}]}
2020-05-04 13:38:55.296  INFO 8580 --- [http-nio-80-exec-6] com.xjtu.aspect.LogAspect                 : Result : _fragments :: newblogList
2020-05-04 13:39:21.833  INFO 8580 --- [http-nio-80-exec-5] com.xjtu.aspect.LogAspect                 : Request : {url='http://localhost/blog/3', ip='0:0:0:0:0:0:0:1', classMethod='com.xjtu.web.IndexController.blog', args=[3, {}]}
2020-05-04 13:39:22.007  INFO 8580 --- [http-nio-80-exec-5] com.xjtu.aspect.LogAspect                 : Result : blog
2020-05-04 13:39:22.635  INFO 8580 --- [http-nio-80-exec-10] com.xjtu.aspect.LogAspect                 : Request : {url='http://localhost/footer/newblog', ip='0:0:0:0:0:0:0:1', classMethod='com.xjtu.web.IndexController.newblogs', args=[{}]}
2020-05-04 13:39:22.753  INFO 8580 --- [http-nio-80-exec-10] com.xjtu.aspect.LogAspect                 : Result : _fragments :: newblogList
2020-05-04 13:39:22.776  INFO 8580 --- [http-nio-80-exec-8] com.xjtu.aspect.LogAspect                 : Request : {url='http://localhost/comments/3', ip='0:0:0:0:0:0:0:1', classMethod='com.xjtu.web.CommentController.comments', args=[3, {}]}
2020-05-04 13:39:22.903  INFO 8580 --- [http-nio-80-exec-8] com.xjtu.aspect.LogAspect                 : Result : blog :: commentList
2020-05-04 13:40:04.402  INFO 8580 --- [http-nio-80-exec-7] com.xjtu.aspect.LogAspect                 : Request : {url='http://localhost/blog/3', ip='0:0:0:0:0:0:0:1', classMethod='com.xjtu.web.IndexController.blog', args=[3, {}]}
2020-05-04 13:40:04.595  INFO 8580 --- [http-nio-80-exec-7] com.xjtu.aspect.LogAspect                 : Result : blog
2020-05-04 13:40:05.216  INFO 8580 --- [http-nio-80-exec-4] com.xjtu.aspect.LogAspect                 : Request : {url='http://localhost/footer/newblog', ip='0:0:0:0:0:0:0:1', classMethod='com.xjtu.web.IndexController.newblogs', args=[{}]}
2020-05-04 13:40:05.331  INFO 8580 --- [http-nio-80-exec-4] com.xjtu.aspect.LogAspect                 : Result : _fragments :: newblogList
2020-05-04 13:40:05.358  INFO 8580 --- [http-nio-80-exec-6] com.xjtu.aspect.LogAspect                 : Request : {url='http://localhost/comments/3', ip='0:0:0:0:0:0:0:1', classMethod='com.xjtu.web.CommentController.comments', args=[3, {}]}
2020-05-04 13:40:05.494  INFO 8580 --- [http-nio-80-exec-6] com.xjtu.aspect.LogAspect                 : Result : blog :: commentList
2020-05-04 13:43:38.341  INFO 5540 --- [restartedMain] com.xjtu.Blog01Application                : Starting Blog01Application on DESKTOP-F8A1EJI with PID 5540 (D:\ideawork\blog01\target\classes started by one in D:\ideawork\blog01)
2020-05-04 13:43:38.341  INFO 5540 --- [restartedMain] com.xjtu.Blog01Application                : The following profiles are active: pro
2020-05-04 13:43:44.518  WARN 5540 --- [restartedMain] JpaBaseConfiguration$JpaWebConfiguration : spring.jpa.open-in-view is enabled by default. Therefore, database queries may be performed during view rendering. Explicitly configure spring.jpa.open-in-view to disable this warning
2020-05-04 13:43:45.471  INFO 5540 --- [restartedMain] com.xjtu.Blog01Application                : Started Blog01Application in 7.81 seconds (JVM running for 9.245)
2020-05-04 13:44:12.326  INFO 5540 --- [http-nio-80-exec-1] com.xjtu.aspect.LogAspect                 : Request : {url='http://localhost/', ip='0:0:0:0:0:0:0:1', classMethod='com.xjtu.web.IndexController.index', args=[Page request [number: 0, size 8, sort: updateTime: DESC], {}]}
2020-05-04 13:44:12.668  WARN 5540 --- [http-nio-80-exec-1] org.hibernate.orm.deprecation            : HHH90000016: Found use of deprecated 'collection property' syntax in HQL/JPQL query [t.blogs.size]; use collection function syntax instead [size(t.blogs)].
2020-05-04 13:44:12.711  WARN 5540 --- [http-nio-80-exec-1] org.hibernate.orm.deprecation            : HHH90000016: Found use of deprecated 'collection property' syntax in HQL/JPQL query [t.blogs.size]; use collection function syntax instead [size(t.blogs)].
2020-05-04 13:44:12.775  INFO 5540 --- [http-nio-80-exec-1] com.xjtu.aspect.LogAspect                 : Result : index
2020-05-04 13:44:13.730  INFO 5540 --- [http-nio-80-exec-5] com.xjtu.aspect.LogAspect                 : Request : {url='http://localhost/footer/newblog', ip='0:0:0:0:0:0:0:1', classMethod='com.xjtu.web.IndexController.newblogs', args=[{}]}
2020-05-04 13:44:13.862  INFO 5540 --- [http-nio-80-exec-5] com.xjtu.aspect.LogAspect                 : Result : _fragments :: newblogList
2020-05-04 13:44:16.692  INFO 5540 --- [http-nio-80-exec-3] com.xjtu.aspect.LogAspect                 : Request : {url='http://localhost/blog/3', ip='0:0:0:0:0:0:0:1', classMethod='com.xjtu.web.IndexController.blog', args=[3, {}]}
2020-05-04 13:44:16.934  INFO 5540 --- [http-nio-80-exec-3] com.xjtu.aspect.LogAspect                 : Result : blog
2020-05-04 13:44:17.526  INFO 5540 --- [http-nio-80-exec-7] com.xjtu.aspect.LogAspect                 : Request : {url='http://localhost/footer/newblog', ip='0:0:0:0:0:0:0:1', classMethod='com.xjtu.web.IndexController.newblogs', args=[{}]}
2020-05-04 13:44:17.644  INFO 5540 --- [http-nio-80-exec-7] com.xjtu.aspect.LogAspect                 : Result : _fragments :: newblogList
2020-05-04 13:44:17.699  INFO 5540 --- [http-nio-80-exec-1] com.xjtu.aspect.LogAspect                 : Request : {url='http://localhost/comments/3', ip='0:0:0:0:0:0:0:1', classMethod='com.xjtu.web.CommentController.comments', args=[3, {}]}
2020-05-04 13:44:17.874  INFO 5540 --- [http-nio-80-exec-1] com.xjtu.aspect.LogAspect                 : Result : blog :: commentList
2020-05-04 13:44:27.780  INFO 5540 --- [http-nio-80-exec-8] com.xjtu.aspect.LogAspect                 : Request : {url='http://localhost/blog/3', ip='0:0:0:0:0:0:0:1', classMethod='com.xjtu.web.IndexController.blog', args=[3, {}]}
2020-05-04 13:44:27.961  INFO 5540 --- [http-nio-80-exec-8] com.xjtu.aspect.LogAspect                 : Result : blog
2020-05-04 13:44:28.558  INFO 5540 --- [http-nio-80-exec-9] com.xjtu.aspect.LogAspect                 : Request : {url='http://localhost/footer/newblog', ip='0:0:0:0:0:0:0:1', classMethod='com.xjtu.web.IndexController.newblogs', args=[{}]}
2020-05-04 13:44:28.684  INFO 5540 --- [http-nio-80-exec-9] com.xjtu.aspect.LogAspect                 : Result : _fragments :: newblogList
2020-05-04 13:44:28.699  INFO 5540 --- [http-nio-80-exec-3] com.xjtu.aspect.LogAspect                 : Request : {url='http://localhost/comments/3', ip='0:0:0:0:0:0:0:1', classMethod='com.xjtu.web.CommentController.comments', args=[3, {}]}
2020-05-04 13:44:28.836  INFO 5540 --- [http-nio-80-exec-3] com.xjtu.aspect.LogAspect                 : Result : blog :: commentList
2020-05-04 13:44:30.784  INFO 5540 --- [http-nio-80-exec-4] com.xjtu.aspect.LogAspect                 : Request : {url='http://localhost/blog/3', ip='0:0:0:0:0:0:0:1', classMethod='com.xjtu.web.IndexController.blog', args=[3, {}]}
2020-05-04 13:44:30.964  INFO 5540 --- [http-nio-80-exec-4] com.xjtu.aspect.LogAspect                 : Result : blog
2020-05-04 13:44:31.577  INFO 5540 --- [http-nio-80-exec-6] com.xjtu.aspect.LogAspect                 : Request : {url='http://localhost/footer/newblog', ip='0:0:0:0:0:0:0:1', classMethod='com.xjtu.web.IndexController.newblogs', args=[{}]}
2020-05-04 13:44:31.699  INFO 5540 --- [http-nio-80-exec-6] com.xjtu.aspect.LogAspect                 : Result : _fragments :: newblogList
2020-05-04 13:44:31.735  INFO 5540 --- [http-nio-80-exec-1] com.xjtu.aspect.LogAspect                 : Request : {url='http://localhost/comments/3', ip='0:0:0:0:0:0:0:1', classMethod='com.xjtu.web.CommentController.comments', args=[3, {}]}
2020-05-04 13:44:31.871  INFO 5540 --- [http-nio-80-exec-1] com.xjtu.aspect.LogAspect                 : Result : blog :: commentList
2020-05-04 15:32:57.900  INFO 6784 --- [main] com.xjtu.Blog01ApplicationTests           : Starting Blog01ApplicationTests on DESKTOP-F8A1EJI with PID 6784 (started by one in D:\ideawork\blog01)
2020-05-04 15:32:57.916  INFO 6784 --- [main] com.xjtu.Blog01ApplicationTests           : The following profiles are active: pro
2020-05-04 15:33:05.438  WARN 6784 --- [main] JpaBaseConfiguration$JpaWebConfiguration : spring.jpa.open-in-view is enabled by default. Therefore, database queries may be performed during view rendering. Explicitly configure spring.jpa.open-in-view to disable this warning
2020-05-04 15:33:06.641  INFO 6784 --- [main] com.xjtu.Blog01ApplicationTests           : Started Blog01ApplicationTests in 9.455 seconds (JVM running for 10.73)
